Build started 9/6/2022 2:55:45 AM.
     1>Project "C:\Users\DELL\Desktop\Game\Game\Game.vcxproj" on node 2 (Build target(s)).
     1>ClCompile:
         D:\Installed soft\New folder\VC\bin\CL.exe /c /ZI /nologo /W3 /WX- /sdl /Od /Oy- /D _MBCS /Gm /EHsc /RTC1 /MDd /GS /fp:precise /Zc:wchar_t /Zc:forScope /Fo"Debug\\" /Fd"Debug\vc120.pdb" /Gd /TP /analyze- /errorReport:prompt iMain.cpp
         iMain.cpp
     1>c:\users\dell\desktop\game\game\imain.cpp(175): warning C4552: '%' : operator has no effect; expected operator with side-effect
     1>c:\users\dell\desktop\game\game\imain.cpp(200): warning C4552: '%' : operator has no effect; expected operator with side-effect
     1>c:\users\dell\desktop\game\game\imain.cpp(660): warning C4258: 'i' : definition from the for loop is ignored; the definition from the enclosing scope is used
                 c:\users\dell\desktop\game\game\imain.cpp(655) : definition of 'i' ignored
                 c:\users\dell\desktop\game\game\imain.cpp(9) : definition of 'i' used
     1>c:\users\dell\desktop\game\game\imain.cpp(695): warning C4258: 'i' : definition from the for loop is ignored; the definition from the enclosing scope is used
                 c:\users\dell\desktop\game\game\imain.cpp(694) : definition of 'i' ignored
                 c:\users\dell\desktop\game\game\imain.cpp(9) : definition of 'i' used
     1>c:\users\dell\desktop\game\game\imain.cpp(1125): warning C4129: 'o' : unrecognized character escape sequence
     1>c:\users\dell\desktop\game\game\imain.cpp(1174): warning C4129: 'c' : unrecognized character escape sequence
       Link:
         D:\Installed soft\New folder\VC\bin\link.exe /ERRORREPORT:PROMPT /OUT:"C:\Users\DELL\Desktop\Game\Debug\Game.exe" /INCREMENTAL /NOLOGO kernel32.lib user32.lib gdi32.lib winspool.lib comdlg32.lib advapi32.lib shell32.lib ole32.lib oleaut32.lib uuid.lib odbc32.lib odbccp32.lib /MANIFEST /MANIFESTUAC:"level='asInvoker' uiAccess='false'" /manifest:embed /DEBUG /PDB:"C:\Users\DELL\Desktop\Game\Debug\Game.pdb" /TLBID:1 /DYNAMICBASE /NXCOMPAT /IMPLIB:"C:\Users\DELL\Desktop\Game\Debug\Game.lib" /MACHINE:X86 Debug\iMain.obj
         Game.vcxproj -> C:\Users\DELL\Desktop\Game\Debug\Game.exe
     1>Done Building Project "C:\Users\DELL\Desktop\Game\Game\Game.vcxproj" (Build target(s)).

Build succeeded.

Time Elapsed 00:00:01.10
